
### CMD: arduino-cli --config-dir "/tmp/arduino_cli_suite_icl_data" board list
Port                            Protocol Type              Board Name    FQBN                Core
10.102.67.134                   network  Network Port      Arduino UNO Q arduino:zephyr:unoq arduino:zephyr
/dev/cu.Bluetooth-Incoming-Port serial   Serial Port       Unknown
/dev/cu.debug-console           serial   Serial Port       Unknown
/dev/cu.usbserial-3120          serial   Serial Port (USB) Unknown

### EXIT: 0

### CMD: arduino-cli --config-dir "/tmp/arduino_cli_suite_icl_data" board search nano
Board Name                  FQBN             Platform ID
Arduino Nano                arduino:avr:nano arduino:avr
Arduino Nano 33 BLE                          arduino:mbed
Arduino Nano 33 BLE                          arduino:mbed_nano
Arduino Nano 33 BLE                          arduino:zephyr_main
Arduino Nano 33 BLE Sense                    arduino:mbed
Arduino Nano 33 BLE Sense                    arduino:mbed_nano
Arduino Nano 33 IoT                          arduino:samd
Arduino Nano ESP32                           arduino:esp32
Arduino Nano ESP32                           esp32:esp32
Arduino Nano Every                           arduino:megaavr
Arduino Nano Matter                          SiliconLabs:silabs
Arduino Nano Matter                          arduino:zephyr_main
Arduino Nano R4                              arduino:renesas_uno
Arduino Nano RP2040 Connect                  arduino:mbed
Arduino Nano RP2040 Connect                  arduino:mbed_nano

### EXIT: 0

### CMD: arduino-cli --config-dir "/tmp/arduino_cli_suite_icl_data" board listall nano
Board Name   FQBN
Arduino Nano arduino:avr:nano

### EXIT: 0

### CMD: arduino-cli --config-dir "/tmp/arduino_cli_suite_icl_data" board details -b arduino:avr:nano
Board name:                Arduino Nano
FQBN:                      arduino:avr:nano
Board version:             1.8.7

Official Arduino board:    ✔

Identification properties: board=nano

Package name:              arduino
Package maintainer:        Arduino
Package URL:               https://downloads.arduino.cc/packages/package_index.tar.bz2
Package website:           https://www.arduino.cc/
Package online help:       https://www.arduino.cc/en/Reference/HomePage

Platform name:             Arduino AVR Boards
Platform category:         Arduino
Platform architecture:     avr
Platform URL:              https://downloads.arduino.cc/cores/staging/avr-1.8.7.tar.bz2
Platform file name:        avr-1.8.7.tar.bz2
Platform size (bytes):     7161883
Platform checksum:         SHA-256:6ae7000b1b6c004c4a208d6d924a8046b417580e4a10cfd3f88930b6660a51db

Required tool: arduino:arduinoOTA        1.3.0
Required tool: arduino:avr-gcc           7.3.0-atmel3.6.1-arduino7
Required tool: arduino:avrdude           8.0.0-arduino1

Option:        Processor                                                cpu
               ATmega328P                ✔                              cpu=atmega328
               ATmega328P (Old Bootloader)                                cpu=atmega328old
               ATmega168                                                cpu=atmega168
Programmers:   ID                        Name
               arduinoasisp              Arduino as ISP
               arduinoasispatmega32u4    Arduino as ISP (ATmega32U4)
               arduinoisp                ArduinoISP
               arduinoisporg             ArduinoISP.org
               atmel_ice                 Atmel-ICE (AVR)
               avrisp                    AVR ISP
               avrispmkii                AVRISP mkII
               buspirate                 BusPirate as ISP
               jtag3                     Atmel JTAGICE3 (JTAG mode)
               jtag3isp                  Atmel JTAGICE3 (ISP mode)
               parallel                  Parallel Programmer
               stk500                    Atmel STK500 development board
               usbGemma                  Arduino Gemma
               usbasp                    USBasp
               usbtinyisp                USBtinyISP

### EXIT: 0

### CMD: arduino-cli --config-dir "/tmp/arduino_cli_suite_icl_data" board attach -p /dev/cu.usbserial-3120 -b arduino:avr:nano:cpu=atmega328old "/Volumes/trent/Documents/Arduino/Arduino_CLI_Codex_Skills/tmp/icl_capture/project/icl_suite_demo_v2"
Default port set to: /dev/cu.usbserial-3120
Default FQBN set to: arduino:avr:nano:cpu=atmega328old
Default programmer set to: 

### EXIT: 0

### CMD: arduino-cli --config-dir "/tmp/arduino_cli_suite_icl_data" profile create --profile nano-old --fqbn arduino:avr:nano:cpu=atmega328old --set-default "/Volumes/trent/Documents/Arduino/Arduino_CLI_Codex_Skills/tmp/icl_capture/project/icl_suite_demo_v2"
Project file created in: /Volumes/trent/Documents/Arduino/Arduino_CLI_Codex_Skills/tmp/icl_capture/project/icl_suite_demo_v2/sketch.yaml
### EXIT: 0

### CMD: arduino-cli --config-dir "/tmp/arduino_cli_suite_icl_data" profile lib add ArduinoJson@6.21.4 --profile nano-old --sketch-path "/Volumes/trent/Documents/Arduino/Arduino_CLI_Codex_Skills/tmp/icl_capture/project/icl_suite_demo_v2"
The following libraries were added to the profile nano-old:
  - ArduinoJson@6.21.4

### EXIT: 0

### CMD: arduino-cli --config-dir "/tmp/arduino_cli_suite_icl_data" compile -b arduino:avr:nano:cpu=atmega328old --output-dir "/Volumes/trent/Documents/Arduino/Arduino_CLI_Codex_Skills/tmp/icl_capture/project/build_nano_old" "/Volumes/trent/Documents/Arduino/Arduino_CLI_Codex_Skills/tmp/icl_capture/project/icl_suite_demo_v2"
The library ArduinoJson has been automatically added from sketch project.
Sketch uses 5332 bytes (17%) of program storage space. Maximum is 30720 bytes.
Global variables use 402 bytes (19%) of dynamic memory, leaving 1646 bytes for local variables. Maximum is 2048 bytes.
### EXIT: 0

### CMD: arduino-cli --config-dir "/tmp/arduino_cli_suite_icl_data" compile -m nano-old --output-dir "/Volumes/trent/Documents/Arduino/Arduino_CLI_Codex_Skills/tmp/icl_capture/project/build_nano_profile" "/Volumes/trent/Documents/Arduino/Arduino_CLI_Codex_Skills/tmp/icl_capture/project/icl_suite_demo_v2"
The library ArduinoJson has been automatically added from sketch project.
Sketch uses 5332 bytes (17%) of program storage space. Maximum is 30720 bytes.
Global variables use 402 bytes (19%) of dynamic memory, leaving 1646 bytes for local variables. Maximum is 2048 bytes.
### EXIT: 0

### CMD: arduino-cli --config-dir "/tmp/arduino_cli_suite_icl_data" upload -p /dev/cu.usbserial-3120 -b arduino:avr:nano:cpu=atmega328old "/Volumes/trent/Documents/Arduino/Arduino_CLI_Codex_Skills/tmp/icl_capture/project/icl_suite_demo_v2"
New upload port: /dev/cu.usbserial-3120 (serial)
### EXIT: 0

### CMD: arduino-cli --config-dir "/tmp/arduino_cli_suite_icl_data" monitor --describe -p /dev/cu.usbserial-3120
ID        Setting   Default Values
baudrate  Baudrate  9600    300, 600, 750, 1200, 2400, 4800, 9600, 19200, 31250, 38400, 57600, 74880, 115200, 230400, 250000, 460800, 500000, 921600, 1000000, 2000000
dtr       DTR       on      on, off
bits      Data bits 8       5, 6, 7, 8, 9
parity    Parity    none    none, even, odd, mark, space
rts       RTS       on      on, off
stop_bits Stop bits 1       1, 1.5, 2

### EXIT: 0

### CMD: arduino-cli --config-dir "/tmp/arduino_cli_suite_icl_data" debug check -b arduino:avr:nano:cpu=atmega328old "/Volumes/trent/Documents/Arduino/Arduino_CLI_Codex_Skills/tmp/icl_capture/project/icl_suite_demo_v2"
The given board/programmer configuration does NOT support debugging.
### EXIT: 0

### CMD: arduino-cli --config-dir "/tmp/arduino_cli_suite_icl_data" profile set-default uno-dev --sketch-path "/Volumes/trent/Documents/Arduino/Arduino_CLI_Codex_Skills/tmp/icl_capture/project/icl_suite_demo_v2"
Default profile set to: uno-dev
### EXIT: 0

### CMD: arduino-cli --config-dir /tmp/arduino_cli_suite_icl_data monitor -p /dev/cu.usbserial-3120 --config baudrate=9600 (captured for 3s)
### EXIT: 0

### CMD: arduino-cli --config-dir /tmp/arduino_cli_suite_icl_data monitor -p /dev/cu.usbserial-3120 --config baudrate=9600 (interactive sample)
Monitor port settings:
  baudrate=9600
  bits=8
  dtr=on
  parity=none
  rts=on
  stop_bits=1

Connecting to /dev/cu.usbserial-3120. Press CTRL-C to exit.
{"profile":"uno-dev","note":"icl example"}
### EXIT: 0 (terminated with CTRL-C after sample capture)
